2018-11-27T14:08:17,281|INFO|9848|main|[com.apimastery.logging.LoggerFactory.initLoggerFactory(): Using Log4j2 for logging]
2018-11-27T14:08:17,286|INFO|9848|main|[+--------------------------+]
2018-11-27T14:08:17,286|INFO|9848|main|[| A P I  S i m u l a t o r |]
2018-11-27T14:08:17,286|INFO|9848|main|[+--------------------------+]
2018-11-27T14:08:17,286|INFO|9848|main|[com.apisimulator.launcher.AbstractLaunchable.init(String[] args): initialization in progress...]
2018-11-27T14:08:17,287|INFO|9848|main|[com.apisimulator.launcher.AbstractLaunchable.init(String[] args): {java version:"1.8.0_181-b13", jvm name:"Java HotSpot(TM) 64-Bit Server VM", jvm version:"25.181-b13", jvm pid:9848}]
2018-11-27T14:08:17,287|INFO|9848|main|[com.apisimulator.launcher.AbstractLaunchable.init(String[] args): implementation {title:"API Simulator",version:"1.1"}]
2018-11-27T14:08:17,287|INFO|9848|main|[com.apisimulator.launcher.AbstractLaunchable.init(String[] args): args=[-c, C:\Users\gssmunej\Muneer\Softwares\apisimulator-http-1.1-distro\apisimulator\apisimulator-http-1.1\bin\..\config, -s, C:\Users\gssmunej\Muneer\Softwares\apisimulator-http-1.1-distro\apisimulator\apisimulator-http-1.1\bin\..\./examples/payment-simulation\simlets, -scripts, C:\Users\gssmunej\Muneer\Softwares\apisimulator-http-1.1-distro\apisimulator\apisimulator-http-1.1\bin\..\./examples/payment-simulation\scripts, examples/payment-simulation]]
2018-11-27T14:08:17,452|INFO|9848|main|[com.apisimulator.config.AppConfigPrimer is priming properties...]
2018-11-27T14:08:17,453|INFO|9848|main|[com.apisimulator.config.AppConfigPrimer is looking in and under C:\Users\gssmunej\Muneer\Softwares\apisimulator-http-1.1-distro\apisimulator\apisimulator-http-1.1\bin\..\.\examples\payment-simulation\simlets]
2018-11-27T14:08:19,393|INFO|9848|main|[com.apisimulator.config.AppConfigPrimer primed 4 files in 1941.0 ms]
2018-11-27T14:08:19,951|INFO|9848|API Simulator Boss-3-1|[com.apisimulator.netty.NettySimulatorServer.start(): listening on 0.0.0.0:6090]
2018-11-27T14:08:19,953|INFO|9848|main|[com.apisimulator.launcher.AbstractLaunchable.start(): API Simulator started]
2018-11-27T14:08:19,956|INFO|9848|main|[com.apisimulator.launcher.AdminServer: listening on port #6190]
2018-11-27T14:15:19,825|ERROR|9848|API Simulator Worker-4-4|[com.apisimulator.netty.ReadTimeoutManagerHandler: the first read didn't complete within the read timeout. Closing the connection]
2018-11-27T14:15:19,900|ERROR|9848|API Simulator Worker-4-1|[com.apisimulator.netty.ReadTimeoutManagerHandler: the first read didn't complete within the read timeout. Closing the connection]
2018-11-27T14:17:36,662|ERROR|9848|API Simulator Worker-4-1|[com.apisimulator.netty.ReadTimeoutManagerHandler: the first read didn't complete within the read timeout. Closing the connection]
2018-11-27T14:17:36,721|ERROR|9848|API Simulator Worker-4-2|[com.apisimulator.netty.ReadTimeoutManagerHandler: the first read didn't complete within the read timeout. Closing the connection]
2018-11-27T14:23:38,058|ERROR|9848|API Simulator Worker-4-4|[com.apisimulator.netty.ReadTimeoutManagerHandler: the first read didn't complete within the read timeout. Closing the connection]
2018-11-27T14:34:20,712|ERROR|9848|API Simulator Worker-4-3|[com.apisimulator.netty.ReadTimeoutManagerHandler: the first read didn't complete within the read timeout. Closing the connection]
2018-11-27T14:34:31,004|ERROR|9848|API Simulator Worker-4-1|[com.apisimulator.netty.ReadTimeoutManagerHandler: the first read didn't complete within the read timeout. Closing the connection]
2018-11-27T14:34:31,098|ERROR|9848|API Simulator Worker-4-2|[com.apisimulator.netty.ReadTimeoutManagerHandler: the first read didn't complete within the read timeout. Closing the connection]
2018-11-27T14:40:21,091|ERROR|9848|API Simlet-1-3|[com.apisimulator.http.netty.NettyFullHttpRequestApiSimulationHandler.exceptionCaught(ChannelHandlerContext, Throwable): java.io.IOException: An existing connection was forcibly closed by the remote host]
2018-11-27T14:41:26,439|ERROR|9848|API Simlet-1-4|[com.apisimulator.http.netty.NettyFullHttpRequestApiSimulationHandler.exceptionCaught(ChannelHandlerContext, Throwable): java.io.IOException: An existing connection was forcibly closed by the remote host]
2018-11-27T14:44:47,032|ERROR|9848|API Simlet-1-5|[com.apisimulator.http.netty.NettyFullHttpRequestApiSimulationHandler.exceptionCaught(ChannelHandlerContext, Throwable): java.io.IOException: An existing connection was forcibly closed by the remote host]
2018-11-27T14:47:37,867|ERROR|9848|API Simlet-1-7|[com.apisimulator.http.netty.NettyFullHttpRequestApiSimulationHandler.exceptionCaught(ChannelHandlerContext, Throwable): java.io.IOException: An existing connection was forcibly closed by the remote host]
2018-11-27T14:51:51,985|ERROR|9848|API Simlet-1-2|[com.apisimulator.http.netty.NettyFullHttpRequestApiSimulationHandler.exceptionCaught(ChannelHandlerContext, Throwable): java.io.IOException: An existing connection was forcibly closed by the remote host]
2018-11-27T15:00:52,239|ERROR|9848|API Simlet-1-1|[com.apisimulator.http.netty.NettyFullHttpRequestApiSimulationHandler.exceptionCaught(ChannelHandlerContext, Throwable): java.io.IOException: An existing connection was forcibly closed by the remote host]
2018-11-27T15:01:18,461|ERROR|9848|API Simlet-1-4|[com.apisimulator.http.netty.NettyFullHttpRequestApiSimulationHandler.exceptionCaught(ChannelHandlerContext, Throwable): java.io.IOException: An existing connection was forcibly closed by the remote host]
2018-11-27T15:02:17,136|ERROR|9848|API Simlet-1-6|[com.apisimulator.http.netty.NettyFullHttpRequestApiSimulationHandler.exceptionCaught(ChannelHandlerContext, Throwable): java.io.IOException: An existing connection was forcibly closed by the remote host]
2018-11-27T15:13:51,157|ERROR|9848|API Simlet-1-4|[com.apisimulator.http.netty.NettyFullHttpRequestApiSimulationHandler.exceptionCaught(ChannelHandlerContext, Throwable): java.io.IOException: An existing connection was forcibly closed by the remote host]
2018-11-27T15:13:51,157|ERROR|9848|API Simlet-1-5|[com.apisimulator.http.netty.NettyFullHttpRequestApiSimulationHandler.exceptionCaught(ChannelHandlerContext, Throwable): java.io.IOException: An existing connection was forcibly closed by the remote host]
2018-11-27T15:15:43,154|ERROR|9848|API Simlet-1-6|[com.apisimulator.http.netty.NettyFullHttpRequestApiSimulationHandler.exceptionCaught(ChannelHandlerContext, Throwable): java.io.IOException: An existing connection was forcibly closed by the remote host]
2018-11-27T15:15:43,193|ERROR|9848|API Simlet-1-7|[com.apisimulator.http.netty.NettyFullHttpRequestApiSimulationHandler.exceptionCaught(ChannelHandlerContext, Throwable): java.io.IOException: An existing connection was forcibly closed by the remote host]
2018-11-27T15:16:22,203|ERROR|9848|API Simlet-1-8|[com.apisimulator.http.netty.NettyFullHttpRequestApiSimulationHandler.exceptionCaught(ChannelHandlerContext, Throwable): java.io.IOException: An existing connection was forcibly closed by the remote host]
2018-11-27T15:16:22,204|ERROR|9848|API Simlet-1-2|[com.apisimulator.http.netty.NettyFullHttpRequestApiSimulationHandler.exceptionCaught(ChannelHandlerContext, Throwable): java.io.IOException: An existing connection was forcibly closed by the remote host]
2018-11-27T15:19:46,327|ERROR|9848|API Simlet-1-1|[com.apisimulator.http.netty.NettyFullHttpRequestApiSimulationHandler.exceptionCaught(ChannelHandlerContext, Throwable): java.io.IOException: An existing connection was forcibly closed by the remote host]
2018-11-27T15:19:46,328|ERROR|9848|API Simlet-1-3|[com.apisimulator.http.netty.NettyFullHttpRequestApiSimulationHandler.exceptionCaught(ChannelHandlerContext, Throwable): java.io.IOException: An existing connection was forcibly closed by the remote host]
2018-11-27T15:21:44,388|ERROR|9848|API Simlet-1-5|[com.apisimulator.http.netty.NettyFullHttpRequestApiSimulationHandler.exceptionCaught(ChannelHandlerContext, Throwable): java.io.IOException: An existing connection was forcibly closed by the remote host]
2018-11-27T15:21:44,390|ERROR|9848|API Simlet-1-6|[com.apisimulator.http.netty.NettyFullHttpRequestApiSimulationHandler.exceptionCaught(ChannelHandlerContext, Throwable): java.io.IOException: An existing connection was forcibly closed by the remote host]
2018-11-27T15:21:44,391|ERROR|9848|API Simlet-1-7|[com.apisimulator.http.netty.NettyFullHttpRequestApiSimulationHandler.exceptionCaught(ChannelHandlerContext, Throwable): java.io.IOException: An existing connection was forcibly closed by the remote host]
